build/app/intermediates/manifest_merge_blame_file/debug/processDebugMainManifest/manifest-merger-blame-debug-report.txt
1<?xml version="1.0" encoding="utf-8"?>
2<manifest xmlns:android="http://schemas.android.com/apk/res/android"
3    package="my.edu.tarc.com.example.p8userprofile"
4    android:versionCode="1"
5    android:versionName="1.0.0" >
6
7    <uses-sdk
8        android:minSdkVersion="23"
9        android:targetSdkVersion="35" />
10    <!--
11         The INTERNET permission is required for development. Specifically,
12         the Flutter tool needs it to communicate with the running application
13         to allow setting breakpoints, to provide hot reload, etc.
14    -->
15    <uses-permission android:name="android.permission.INTERNET" />
15-->src\debug\AndroidManifest.xml:6:5-66
15-->src\debug\AndroidManifest.xml:6:22-64
16    <uses-permission android:name="android.permission.WRITE_EXTERNAL_STORAGE" />
16-->src\main\AndroidManifest.xml:2:5-80
16-->src\main\AndroidManifest.xml:2:22-78
17    <uses-permission android:name="android.permission.READ_EXTERNAL_STORAGE" />
17-->src\main\AndroidManifest.xml:3:5-79
17-->src\main\AndroidManifest.xml:3:22-77
18    <uses-permission android:name="android.permission.CAMERA" />
18-->src\main\AndroidManifest.xml:4:5-64
18-->src\main\AndroidManifest.xml:4:22-62
19    <!--
20 Required to query activities that can process text, see:
21         https://developer.android.com/training/package-visibility and
22         https://developer.android.com/reference/android/content/Intent#ACTION_PROCESS_TEXT.
23
24         In particular, this is used by the Flutter engine in io.flutter.plugin.text.ProcessTextPlugin.
25    -->
26    <queries>
26-->src\main\AndroidManifest.xml:43:5-48:15
27        <intent>
27-->src\main\AndroidManifest.xml:44:9-47:18
28            <action android:name="android.intent.action.PROCESS_TEXT" />
28-->src\main\AndroidManifest.xml:45:13-72
28-->src\main\AndroidManifest.xml:45:21-70
29
30            <data android:mimeType="text/plain" />
30-->src\main\AndroidManifest.xml:46:13-50
30-->src\main\AndroidManifest.xml:46:19-48
31        </intent>
32    </queries> <!-- Although the *SdkVersion is captured in gradle build files, this is required for non gradle builds -->
33    <!-- <uses-sdk android:minSdkVersion="21" /> -->
34    <uses-permission android:name="android.permission.ACCESS_NETWORK_STATE" />
34-->[com.google.firebase:firebase-firestore:25.1.3] AndroidManifest.xml:10:5-79
34-->[com.google.firebase:firebase-firestore:25.1.3] AndroidManifest.xml:10:22-76
35    <uses-permission android:name="android.permission.WAKE_LOCK" />
35-->[com.google.android.gms:play-services-measurement-api:22.4.0] AndroidManifest.xml:24:5-68
35-->[com.google.android.gms:play-services-measurement-api:22.4.0] AndroidManifest.xml:24:22-65
36    <uses-permission android:name="com.google.android.gms.permission.AD_ID" />
36-->[com.google.android.gms:play-services-measurement-api:22.4.0] AndroidManifest.xml:25:5-79
36-->[com.google.android.gms:play-services-measurement-api:22.4.0] AndroidManifest.xml:25:22-76
37    <uses-permission android:name="android.permission.ACCESS_ADSERVICES_ATTRIBUTION" />
37-->[com.google.android.gms:play-services-measurement-api:22.4.0] AndroidManifest.xml:26:5-88
37-->[com.google.android.gms:play-services-measurement-api:22.4.0] AndroidManifest.xml:26:22-85
38    <uses-permission android:name="android.permission.ACCESS_ADSERVICES_AD_ID" />
38-->[com.google.android.gms:play-services-measurement-api:22.4.0] AndroidManifest.xml:27:5-82
38-->[com.google.android.gms:play-services-measurement-api:22.4.0] AndroidManifest.xml:27:22-79
39    <uses-permission android:name="com.google.android.finsky.permission.BIND_GET_INSTALL_REFERRER_SERVICE" />
39-->[com.google.android.gms:play-services-measurement:22.4.0] AndroidManifest.xml:26:5-110
39-->[com.google.android.gms:play-services-measurement:22.4.0] AndroidManifest.xml:26:22-107
40    <uses-permission android:name="com.google.android.providers.gsf.permission.READ_GSERVICES" />
40-->[com.google.android.recaptcha:recaptcha:18.6.1] AndroidManifest.xml:9:5-98
40-->[com.google.android.recaptcha:recaptcha:18.6.1] AndroidManifest.xml:9:22-95
41
42    <permission
42-->[androidx.core:core:1.13.1] AndroidManifest.xml:22:5-24:47
43        android:name="my.edu.tarc.com.example.p8userprofile.DYNAMIC_RECEIVER_NOT_EXPORTED_PERMISSION"
43-->[androidx.core:core:1.13.1] AndroidManifest.xml:23:9-81
44        android:protectionLevel="signature" />
44-->[androidx.core:core:1.13.1] AndroidManifest.xml:24:9-44
45
46    <uses-permission android:name="my.edu.tarc.com.example.p8userprofile.DYNAMIC_RECEIVER_NOT_EXPORTED_PERMISSION" />
46-->[androidx.core:core:1.13.1] AndroidManifest.xml:26:5-97
46-->[androidx.core:core:1.13.1] AndroidManifest.xml:26:22-94
47
48    <application
49        android:name="android.app.Application"
50        android:appComponentFactory="androidx.core.app.CoreComponentFactory"
50-->[androidx.core:core:1.13.1] AndroidManifest.xml:28:18-86
51        android:debuggable="true"
52        android:extractNativeLibs="false"
53        android:icon="@mipmap/ic_launcher"
54        android:label="p8userprofile" >
55        <activity
56            android:name="my.edu.tarc.com.example.p8userprofile.MainActivity"
57            android:configChanges="orientation|keyboardHidden|keyboard|screenSize|smallestScreenSize|locale|layoutDirection|fontScale|screenLayout|density|uiMode"
58            android:exported="true"
59            android:hardwareAccelerated="true"
60            android:launchMode="singleTop"
61            android:taskAffinity=""
62            android:theme="@style/LaunchTheme"
63            android:windowSoftInputMode="adjustResize" >
64
65            <!--
66                 Specifies an Android theme to apply to this Activity as soon as
67                 the Android process has started. This theme is visible to the user
68                 while the Flutter UI initializes. After that, this theme continues
69                 to determine the Window background behind the Flutter UI.
70            -->
71            <meta-data
72                android:name="io.flutter.embedding.android.NormalTheme"
73                android:resource="@style/NormalTheme" />
74
75            <intent-filter>
76                <action android:name="android.intent.action.MAIN" />
77
78                <category android:name="android.intent.category.LAUNCHER" />
79            </intent-filter>
80        </activity>
81        <!--
82             Don't delete the meta-data below.
83             This is used by the Flutter tool to generate GeneratedPluginRegistrant.java
84        -->
85        <meta-data
86            android:name="flutterEmbedding"
87            android:value="2" />
88
89        <service
89-->[:cloud_firestore] AndroidManifest.xml:8:9-12:19
90            android:name="com.google.firebase.components.ComponentDiscoveryService"
90-->[:cloud_firestore] AndroidManifest.xml:8:18-89
91            android:directBootAware="true"
91-->[com.google.firebase:firebase-common:21.0.0] AndroidManifest.xml:32:13-43
92            android:exported="false" >
92-->[com.google.firebase:firebase-firestore:25.1.3] AndroidManifest.xml:16:13-37
93            <meta-data
93-->[:cloud_firestore] AndroidManifest.xml:9:13-11:85
94                android:name="com.google.firebase.components:io.flutter.plugins.firebase.firestore.FlutterFirebaseFirestoreRegistrar"
94-->[:cloud_firestore] AndroidManifest.xml:10:17-134
95                android:value="com.google.firebase.components.ComponentRegistrar" />
95-->[:cloud_firestore] AndroidManifest.xml:11:17-82
96            <meta-data
96-->[:firebase_auth] AndroidManifest.xml:9:13-11:85
97                android:name="com.google.firebase.components:io.flutter.plugins.firebase.auth.FlutterFirebaseAuthRegistrar"
97-->[:firebase_auth] AndroidManifest.xml:10:17-124
98                android:value="com.google.firebase.components.ComponentRegistrar" />
98-->[:firebase_auth] AndroidManifest.xml:11:17-82
99            <meta-data
99-->[:firebase_storage] AndroidManifest.xml:9:13-11:85
100                android:name="com.google.firebase.components:io.flutter.plugins.firebase.storage.FlutterFirebaseAppRegistrar"
100-->[:firebase_storage] AndroidManifest.xml:10:17-126
101                android:value="com.google.firebase.components.ComponentRegistrar" />
101-->[:firebase_storage] AndroidManifest.xml:11:17-82
102            <meta-data
102-->[:firebase_core] AndroidManifest.xml:9:13-11:85
103                android:name="com.google.firebase.components:io.flutter.plugins.firebase.core.FlutterFirebaseCoreRegistrar"
103-->[:firebase_core] AndroidManifest.xml:10:17-124
104                android:value="com.google.firebase.components.ComponentRegistrar" />
104-->[:firebase_core] AndroidManifest.xml:11:17-82
105            <meta-data
105-->[com.google.firebase:firebase-firestore:25.1.3] AndroidManifest.xml:17:13-19:85
106                android:name="com.google.firebase.components:com.google.firebase.firestore.FirebaseFirestoreKtxRegistrar"
106-->[com.google.firebase:firebase-firestore:25.1.3] AndroidManifest.xml:18:17-122
107                android:value="com.google.firebase.components.ComponentRegistrar" />
107-->[com.google.firebase:firebase-firestore:25.1.3] AndroidManifest.xml:19:17-82
108            <meta-data
108-->[com.google.firebase:firebase-firestore:25.1.3] AndroidManifest.xml:20:13-22:85
109                android:name="com.google.firebase.components:com.google.firebase.firestore.FirestoreRegistrar"
109-->[com.google.firebase:firebase-firestore:25.1.3] AndroidManifest.xml:21:17-111
110                android:value="com.google.firebase.components.ComponentRegistrar" />
110-->[com.google.firebase:firebase-firestore:25.1.3] AndroidManifest.xml:22:17-82
111            <meta-data
111-->[com.google.firebase:firebase-auth:23.2.0] AndroidManifest.xml:69:13-71:85
112                android:name="com.google.firebase.components:com.google.firebase.auth.FirebaseAuthRegistrar"
112-->[com.google.firebase:firebase-auth:23.2.0] AndroidManifest.xml:70:17-109
113                android:value="com.google.firebase.components.ComponentRegistrar" />
113-->[com.google.firebase:firebase-auth:23.2.0] AndroidManifest.xml:71:17-82
114            <meta-data
114-->[com.google.firebase:firebase-storage:21.0.1] AndroidManifest.xml:30:13-32:85
115                android:name="com.google.firebase.components:com.google.firebase.storage.FirebaseStorageKtxRegistrar"
115-->[com.google.firebase:firebase-storage:21.0.1] AndroidManifest.xml:31:17-118
116                android:value="com.google.firebase.components.ComponentRegistrar" />
116-->[com.google.firebase:firebase-storage:21.0.1] AndroidManifest.xml:32:17-82
117            <meta-data
117-->[com.google.firebase:firebase-storage:21.0.1] AndroidManifest.xml:33:13-35:85
118                android:name="com.google.firebase.components:com.google.firebase.storage.StorageRegistrar"
118-->[com.google.firebase:firebase-storage:21.0.1] AndroidManifest.xml:34:17-107
119                android:value="com.google.firebase.components.ComponentRegistrar" />
119-->[com.google.firebase:firebase-storage:21.0.1] AndroidManifest.xml:35:17-82
120            <meta-data
120-->[com.google.android.gms:play-services-measurement-api:22.4.0] AndroidManifest.xml:33:13-35:85
121                android:name="com.google.firebase.components:com.google.firebase.analytics.connector.internal.AnalyticsConnectorRegistrar"
121-->[com.google.android.gms:play-services-measurement-api:22.4.0] AndroidManifest.xml:34:17-139
122                android:value="com.google.firebase.components.ComponentRegistrar" />
122-->[com.google.android.gms:play-services-measurement-api:22.4.0] AndroidManifest.xml:35:17-82
123            <meta-data
123-->[com.google.firebase:firebase-appcheck:18.0.0] AndroidManifest.xml:25:13-27:85
124                android:name="com.google.firebase.components:com.google.firebase.appcheck.FirebaseAppCheckKtxRegistrar"
124-->[com.google.firebase:firebase-appcheck:18.0.0] AndroidManifest.xml:26:17-120
125                android:value="com.google.firebase.components.ComponentRegistrar" />
125-->[com.google.firebase:firebase-appcheck:18.0.0] AndroidManifest.xml:27:17-82
126            <meta-data
126-->[com.google.firebase:firebase-appcheck:18.0.0] AndroidManifest.xml:28:13-30:85
127                android:name="com.google.firebase.components:com.google.firebase.appcheck.FirebaseAppCheckRegistrar"
127-->[com.google.firebase:firebase-appcheck:18.0.0] AndroidManifest.xml:29:17-117
128                android:value="com.google.firebase.components.ComponentRegistrar" />
128-->[com.google.firebase:firebase-appcheck:18.0.0] AndroidManifest.xml:30:17-82
129            <meta-data
129-->[com.google.firebase:firebase-installations:18.0.0] AndroidManifest.xml:15:13-17:85
130                android:name="com.google.firebase.components:com.google.firebase.installations.FirebaseInstallationsKtxRegistrar"
130-->[com.google.firebase:firebase-installations:18.0.0] AndroidManifest.xml:16:17-130
131                android:value="com.google.firebase.components.ComponentRegistrar" />
131-->[com.google.firebase:firebase-installations:18.0.0] AndroidManifest.xml:17:17-82
132            <meta-data
132-->[com.google.firebase:firebase-installations:18.0.0] AndroidManifest.xml:18:13-20:85
133                android:name="com.google.firebase.components:com.google.firebase.installations.FirebaseInstallationsRegistrar"
133-->[com.google.firebase:firebase-installations:18.0.0] AndroidManifest.xml:19:17-127
134                android:value="com.google.firebase.components.ComponentRegistrar" />
134-->[com.google.firebase:firebase-installations:18.0.0] AndroidManifest.xml:20:17-82
135            <meta-data
135-->[com.google.firebase:firebase-common-ktx:21.0.0] AndroidManifest.xml:12:13-14:85
136                android:name="com.google.firebase.components:com.google.firebase.ktx.FirebaseCommonLegacyRegistrar"
136-->[com.google.firebase:firebase-common-ktx:21.0.0] AndroidManifest.xml:13:17-116
137                android:value="com.google.firebase.components.ComponentRegistrar" />
137-->[com.google.firebase:firebase-common-ktx:21.0.0] AndroidManifest.xml:14:17-82
138            <meta-data
138-->[com.google.firebase:firebase-common:21.0.0] AndroidManifest.xml:35:13-37:85
139                android:name="com.google.firebase.components:com.google.firebase.FirebaseCommonKtxRegistrar"
139-->[com.google.firebase:firebase-common:21.0.0] AndroidManifest.xml:36:17-109
140                android:value="com.google.firebase.components.ComponentRegistrar" />
140-->[com.google.firebase:firebase-common:21.0.0] AndroidManifest.xml:37:17-82
141        </service>
142
143        <activity
143-->[com.google.firebase:firebase-auth:23.2.0] AndroidManifest.xml:29:9-46:20
144            android:name="com.google.firebase.auth.internal.GenericIdpActivity"
144-->[com.google.firebase:firebase-auth:23.2.0] AndroidManifest.xml:30:13-80
145            android:excludeFromRecents="true"
145-->[com.google.firebase:firebase-auth:23.2.0] AndroidManifest.xml:31:13-46
146            android:exported="true"
146-->[com.google.firebase:firebase-auth:23.2.0] AndroidManifest.xml:32:13-36
147            android:launchMode="singleTask"
147-->[com.google.firebase:firebase-auth:23.2.0] AndroidManifest.xml:33:13-44
148            android:theme="@android:style/Theme.Translucent.NoTitleBar" >
148-->[com.google.firebase:firebase-auth:23.2.0] AndroidManifest.xml:34:13-72
149            <intent-filter>
149-->[com.google.firebase:firebase-auth:23.2.0] AndroidManifest.xml:35:13-45:29
150                <action android:name="android.intent.action.VIEW" />
150-->[com.google.firebase:firebase-auth:23.2.0] AndroidManifest.xml:36:17-69
150-->[com.google.firebase:firebase-auth:23.2.0] AndroidManifest.xml:36:25-66
151
152                <category android:name="android.intent.category.DEFAULT" />
152-->[com.google.firebase:firebase-auth:23.2.0] AndroidManifest.xml:38:17-76
152-->[com.google.firebase:firebase-auth:23.2.0] AndroidManifest.xml:38:27-73
153                <category android:name="android.intent.category.BROWSABLE" />
153-->[com.google.firebase:firebase-auth:23.2.0] AndroidManifest.xml:39:17-78
153-->[com.google.firebase:firebase-auth:23.2.0] AndroidManifest.xml:39:27-75
154
155                <data
155-->src\main\AndroidManifest.xml:46:13-50
156                    android:host="firebase.auth"
157                    android:path="/"
158                    android:scheme="genericidp" />
159            </intent-filter>
160        </activity>
161        <activity
161-->[com.google.firebase:firebase-auth:23.2.0] AndroidManifest.xml:47:9-64:20
162            android:name="com.google.firebase.auth.internal.RecaptchaActivity"
162-->[com.google.firebase:firebase-auth:23.2.0] AndroidManifest.xml:48:13-79
163            android:excludeFromRecents="true"
163-->[com.google.firebase:firebase-auth:23.2.0] AndroidManifest.xml:49:13-46
164            android:exported="true"
164-->[com.google.firebase:firebase-auth:23.2.0] AndroidManifest.xml:50:13-36
165            android:launchMode="singleTask"
165-->[com.google.firebase:firebase-auth:23.2.0] AndroidManifest.xml:51:13-44
166            android:theme="@android:style/Theme.Translucent.NoTitleBar" >
166-->[com.google.firebase:firebase-auth:23.2.0] AndroidManifest.xml:52:13-72
167            <intent-filter>
167-->[com.google.firebase:firebase-auth:23.2.0] AndroidManifest.xml:53:13-63:29
168                <action android:name="android.intent.action.VIEW" />
168-->[com.google.firebase:firebase-auth:23.2.0] AndroidManifest.xml:36:17-69
168-->[com.google.firebase:firebase-auth:23.2.0] AndroidManifest.xml:36:25-66
169
170                <category android:name="android.intent.category.DEFAULT" />
170-->[com.google.firebase:firebase-auth:23.2.0] AndroidManifest.xml:38:17-76
170-->[com.google.firebase:firebase-auth:23.2.0] AndroidManifest.xml:38:27-73
171                <category android:name="android.intent.category.BROWSABLE" />
171-->[com.google.firebase:firebase-auth:23.2.0] AndroidManifest.xml:39:17-78
171-->[com.google.firebase:firebase-auth:23.2.0] AndroidManifest.xml:39:27-75
172
173                <data
173-->src\main\AndroidManifest.xml:46:13-50
174                    android:host="firebase.auth"
175                    android:path="/"
176                    android:scheme="recaptcha" />
177            </intent-filter>
178        </activity>
179
180        <provider
180-->[com.google.firebase:firebase-common:21.0.0] AndroidManifest.xml:23:9-28:39
181            android:name="com.google.firebase.provider.FirebaseInitProvider"
181-->[com.google.firebase:firebase-common:21.0.0] AndroidManifest.xml:24:13-77
182            android:authorities="my.edu.tarc.com.example.p8userprofile.firebaseinitprovider"
182-->[com.google.firebase:firebase-common:21.0.0] AndroidManifest.xml:25:13-72
183            android:directBootAware="true"
183-->[com.google.firebase:firebase-common:21.0.0] AndroidManifest.xml:26:13-43
184            android:exported="false"
184-->[com.google.firebase:firebase-common:21.0.0] AndroidManifest.xml:27:13-37
185            android:initOrder="100" />
185-->[com.google.firebase:firebase-common:21.0.0] AndroidManifest.xml:28:13-36
186        <provider
186-->[:image_picker_android] AndroidManifest.xml:9:9-17:20
187            android:name="io.flutter.plugins.imagepicker.ImagePickerFileProvider"
187-->[:image_picker_android] AndroidManifest.xml:10:13-82
188            android:authorities="my.edu.tarc.com.example.p8userprofile.flutter.image_provider"
188-->[:image_picker_android] AndroidManifest.xml:11:13-74
189            android:exported="false"
189-->[:image_picker_android] AndroidManifest.xml:12:13-37
190            android:grantUriPermissions="true" >
190-->[:image_picker_android] AndroidManifest.xml:13:13-47
191            <meta-data
191-->[:image_picker_android] AndroidManifest.xml:14:13-16:75
192                android:name="android.support.FILE_PROVIDER_PATHS"
192-->[:image_picker_android] AndroidManifest.xml:15:17-67
193                android:resource="@xml/flutter_image_picker_file_paths" />
193-->[:image_picker_android] AndroidManifest.xml:16:17-72
194        </provider> <!-- Trigger Google Play services to install the backported photo picker module. -->
195        <service
195-->[:image_picker_android] AndroidManifest.xml:19:9-31:19
196            android:name="com.google.android.gms.metadata.ModuleDependencies"
196-->[:image_picker_android] AndroidManifest.xml:20:13-78
197            android:enabled="false"
197-->[:image_picker_android] AndroidManifest.xml:21:13-36
198            android:exported="false" >
198-->[:image_picker_android] AndroidManifest.xml:22:13-37
199            <intent-filter>
199-->[:image_picker_android] AndroidManifest.xml:24:13-26:29
200                <action android:name="com.google.android.gms.metadata.MODULE_DEPENDENCIES" />
200-->[:image_picker_android] AndroidManifest.xml:25:17-94
200-->[:image_picker_android] AndroidManifest.xml:25:25-91
201            </intent-filter>
202
203            <meta-data
203-->[:image_picker_android] AndroidManifest.xml:28:13-30:36
204                android:name="photopicker_activity:0:required"
204-->[:image_picker_android] AndroidManifest.xml:29:17-63
205                android:value="" />
205-->[:image_picker_android] AndroidManifest.xml:30:17-33
206        </service>
207
208        <receiver
208-->[com.google.android.gms:play-services-measurement:22.4.0] AndroidManifest.xml:29:9-33:20
209            android:name="com.google.android.gms.measurement.AppMeasurementReceiver"
209-->[com.google.android.gms:play-services-measurement:22.4.0] AndroidManifest.xml:30:13-85
210            android:enabled="true"
210-->[com.google.android.gms:play-services-measurement:22.4.0] AndroidManifest.xml:31:13-35
211            android:exported="false" >
211-->[com.google.android.gms:play-services-measurement:22.4.0] AndroidManifest.xml:32:13-37
212        </receiver>
213
214        <service
214-->[com.google.android.gms:play-services-measurement:22.4.0] AndroidManifest.xml:35:9-38:40
215            android:name="com.google.android.gms.measurement.AppMeasurementService"
215-->[com.google.android.gms:play-services-measurement:22.4.0] AndroidManifest.xml:36:13-84
216            android:enabled="true"
216-->[com.google.android.gms:play-services-measurement:22.4.0] AndroidManifest.xml:37:13-35
217            android:exported="false" />
217-->[com.google.android.gms:play-services-measurement:22.4.0] AndroidManifest.xml:38:13-37
218        <service
218-->[com.google.android.gms:play-services-measurement:22.4.0] AndroidManifest.xml:39:9-43:72
219            android:name="com.google.android.gms.measurement.AppMeasurementJobService"
219-->[com.google.android.gms:play-services-measurement:22.4.0] AndroidManifest.xml:40:13-87
220            android:enabled="true"
220-->[com.google.android.gms:play-services-measurement:22.4.0] AndroidManifest.xml:41:13-35
221            android:exported="false"
221-->[com.google.android.gms:play-services-measurement:22.4.0] AndroidManifest.xml:42:13-37
222            android:permission="android.permission.BIND_JOB_SERVICE" />
222-->[com.google.android.gms:play-services-measurement:22.4.0] AndroidManifest.xml:43:13-69
223        <service
223-->[androidx.credentials:credentials-play-services-auth:1.2.0-rc01] AndroidManifest.xml:24:9-32:19
224            android:name="androidx.credentials.playservices.CredentialProviderMetadataHolder"
224-->[androidx.credentials:credentials-play-services-auth:1.2.0-rc01] AndroidManifest.xml:25:13-94
225            android:enabled="true"
225-->[androidx.credentials:credentials-play-services-auth:1.2.0-rc01] AndroidManifest.xml:26:13-35
226            android:exported="false" >
226-->[androidx.credentials:credentials-play-services-auth:1.2.0-rc01] AndroidManifest.xml:27:13-37
227            <meta-data
227-->[androidx.credentials:credentials-play-services-auth:1.2.0-rc01] AndroidManifest.xml:29:13-31:104
228                android:name="androidx.credentials.CREDENTIAL_PROVIDER_KEY"
228-->[androidx.credentials:credentials-play-services-auth:1.2.0-rc01] AndroidManifest.xml:30:17-76
229                android:value="androidx.credentials.playservices.CredentialProviderPlayServicesImpl" />
229-->[androidx.credentials:credentials-play-services-auth:1.2.0-rc01] AndroidManifest.xml:31:17-101
230        </service>
231
232        <activity
232-->[androidx.credentials:credentials-play-services-auth:1.2.0-rc01] AndroidManifest.xml:34:9-41:20
233            android:name="androidx.credentials.playservices.HiddenActivity"
233-->[androidx.credentials:credentials-play-services-auth:1.2.0-rc01] AndroidManifest.xml:35:13-76
234            android:configChanges="orientation|screenSize|screenLayout|keyboardHidden"
234-->[androidx.credentials:credentials-play-services-auth:1.2.0-rc01] AndroidManifest.xml:36:13-87
235            android:enabled="true"
235-->[androidx.credentials:credentials-play-services-auth:1.2.0-rc01] AndroidManifest.xml:37:13-35
236            android:exported="false"
236-->[androidx.credentials:credentials-play-services-auth:1.2.0-rc01] AndroidManifest.xml:38:13-37
237            android:fitsSystemWindows="true"
237-->[androidx.credentials:credentials-play-services-auth:1.2.0-rc01] AndroidManifest.xml:39:13-45
238            android:theme="@style/Theme.Hidden" >
238-->[androidx.credentials:credentials-play-services-auth:1.2.0-rc01] AndroidManifest.xml:40:13-48
239        </activity>
240        <activity
240-->[com.google.android.gms:play-services-auth:20.7.0] AndroidManifest.xml:23:9-27:75
241            android:name="com.google.android.gms.auth.api.signin.internal.SignInHubActivity"
241-->[com.google.android.gms:play-services-auth:20.7.0] AndroidManifest.xml:24:13-93
242            android:excludeFromRecents="true"
242-->[com.google.android.gms:play-services-auth:20.7.0] AndroidManifest.xml:25:13-46
243            android:exported="false"
243-->[com.google.android.gms:play-services-auth:20.7.0] AndroidManifest.xml:26:13-37
244            android:theme="@android:style/Theme.Translucent.NoTitleBar" />
244-->[com.google.android.gms:play-services-auth:20.7.0] AndroidManifest.xml:27:13-72
245        <!--
246            Service handling Google Sign-In user revocation. For apps that do not integrate with
247            Google Sign-In, this service will never be started.
248        -->
249        <service
249-->[com.google.android.gms:play-services-auth:20.7.0] AndroidManifest.xml:33:9-37:51
250            android:name="com.google.android.gms.auth.api.signin.RevocationBoundService"
250-->[com.google.android.gms:play-services-auth:20.7.0] AndroidManifest.xml:34:13-89
251            android:exported="true"
251-->[com.google.android.gms:play-services-auth:20.7.0] AndroidManifest.xml:35:13-36
252            android:permission="com.google.android.gms.auth.api.signin.permission.REVOCATION_NOTIFICATION"
252-->[com.google.android.gms:play-services-auth:20.7.0] AndroidManifest.xml:36:13-107
253            android:visibleToInstantApps="true" />
253-->[com.google.android.gms:play-services-auth:20.7.0] AndroidManifest.xml:37:13-48
254
255        <provider
255-->[androidx.lifecycle:lifecycle-process:2.7.0] AndroidManifest.xml:24:9-32:20
256            android:name="androidx.startup.InitializationProvider"
256-->[androidx.lifecycle:lifecycle-process:2.7.0] AndroidManifest.xml:25:13-67
257            android:authorities="my.edu.tarc.com.example.p8userprofile.androidx-startup"
257-->[androidx.lifecycle:lifecycle-process:2.7.0] AndroidManifest.xml:26:13-68
258            android:exported="false" >
258-->[androidx.lifecycle:lifecycle-process:2.7.0] AndroidManifest.xml:27:13-37
259            <meta-data
259-->[androidx.lifecycle:lifecycle-process:2.7.0] AndroidManifest.xml:29:13-31:52
260                android:name="androidx.lifecycle.ProcessLifecycleInitializer"
260-->[androidx.lifecycle:lifecycle-process:2.7.0] AndroidManifest.xml:30:17-78
261                android:value="androidx.startup" />
261-->[androidx.lifecycle:lifecycle-process:2.7.0] AndroidManifest.xml:31:17-49
262            <meta-data
262-->[androidx.profileinstaller:profileinstaller:1.3.1] AndroidManifest.xml:29:13-31:52
263                android:name="androidx.profileinstaller.ProfileInstallerInitializer"
263-->[androidx.profileinstaller:profileinstaller:1.3.1] AndroidManifest.xml:30:17-85
264                android:value="androidx.startup" />
264-->[androidx.profileinstaller:profileinstaller:1.3.1] AndroidManifest.xml:31:17-49
265        </provider>
266
267        <uses-library
267-->[androidx.window:window:1.2.0] AndroidManifest.xml:23:9-25:40
268            android:name="androidx.window.extensions"
268-->[androidx.window:window:1.2.0] AndroidManifest.xml:24:13-54
269            android:required="false" />
269-->[androidx.window:window:1.2.0] AndroidManifest.xml:25:13-37
270        <uses-library
270-->[androidx.window:window:1.2.0] AndroidManifest.xml:26:9-28:40
271            android:name="androidx.window.sidecar"
271-->[androidx.window:window:1.2.0] AndroidManifest.xml:27:13-51
272            android:required="false" />
272-->[androidx.window:window:1.2.0] AndroidManifest.xml:28:13-37
273        <uses-library
273-->[androidx.privacysandbox.ads:ads-adservices:1.1.0-beta11] AndroidManifest.xml:23:9-25:40
274            android:name="android.ext.adservices"
274-->[androidx.privacysandbox.ads:ads-adservices:1.1.0-beta11] AndroidManifest.xml:24:13-50
275            android:required="false" />
275-->[androidx.privacysandbox.ads:ads-adservices:1.1.0-beta11] AndroidManifest.xml:25:13-37
276
277        <activity
277-->[com.google.android.gms:play-services-base:18.5.0] AndroidManifest.xml:5:9-173
278            android:name="com.google.android.gms.common.api.GoogleApiActivity"
278-->[com.google.android.gms:play-services-base:18.5.0] AndroidManifest.xml:5:19-85
279            android:exported="false"